\BOOKMARK [1][-]{section.1}{Pr\351sentation du groupe Schr\366dinger et r\351partition des taches}{}% 1
\BOOKMARK [2][-]{subsection.1.1}{Origine du groupe}{section.1}% 2
\BOOKMARK [2][-]{subsection.1.2}{R\351partition des taches}{section.1}% 3
\BOOKMARK [1][-]{section.2}{RTFPicture}{}% 4
\BOOKMARK [2][-]{subsection.2.1}{Fonctionnement}{section.2}% 5
\BOOKMARK [1][-]{section.3}{D\351tection de visage}{}% 6
\BOOKMARK [2][-]{subsection.3.1}{Niveau de gris et pixels de l'image}{section.3}% 7
\BOOKMARK [2][-]{subsection.3.2}{Les caract\351ristiques pseudo-Haar}{section.3}% 8
\BOOKMARK [2][-]{subsection.3.3}{Image integrale}{section.3}% 9
\BOOKMARK [2][-]{subsection.3.4}{Adaboost}{section.3}% 10
\BOOKMARK [1][-]{section.4}{Base de donn\351e}{}% 11
\BOOKMARK [2][-]{subsection.4.1}{Sa structure}{section.4}% 12
\BOOKMARK [2][-]{subsection.4.2}{Au demarrage}{section.4}% 13
\BOOKMARK [2][-]{subsection.4.3}{L'ajout}{section.4}% 14
\BOOKMARK [2][-]{subsection.4.4}{La suppression}{section.4}% 15
\BOOKMARK [2][-]{subsection.4.5}{La modification}{section.4}% 16
\BOOKMARK [1][-]{section.5}{Les prochains objectifs}{}% 17
\BOOKMARK [2][-]{subsection.5.1}{Reconnaissance de visage}{section.5}% 18
\BOOKMARK [2][-]{subsection.5.2}{L'interface graphique}{section.5}% 19
\BOOKMARK [2][-]{subsection.5.3}{l'optimisation}{section.5}% 20
\BOOKMARK [1][-]{section.6}{Conclusion}{}% 21
\BOOKMARK [1][-]{section.7}{Annexes}{}% 22
